#! /usr/local/bin/vvp
:ivl_version "11.0 (stable)" "(v11_0)";
:ivl_delay_selection "TYPICAL";
:vpi_time_precision + 0;
:vpi_module "/usr/local/lib/ivl/system.vpi";
:vpi_module "/usr/local/lib/ivl/vhdl_sys.vpi";
:vpi_module "/usr/local/lib/ivl/vhdl_textio.vpi";
:vpi_module "/usr/local/lib/ivl/v2005_math.vpi";
:vpi_module "/usr/local/lib/ivl/va_math.vpi";
:vpi_module "/usr/local/lib/ivl/v2009.vpi";
S_0x5572927ac830 .scope package, "$unit" "$unit" 2 1;
 .timescale 0 0;
S_0x5572927ac9c0 .scope module, "adder" "adder" 3 2;
 .timescale 0 0;
    .port_info 0 /INPUT 32 "a";
    .port_info 1 /INPUT 32 "b";
    .port_info 2 /OUTPUT 32 "c";
o0x7fa7fedaa018 .functor BUFZ 32, C4<zzzzzzzzzzzzzzzzzzzzzzzzzzzzzzzz>; HiZ drive
v0x5572927b9730_0 .net "a", 31 0, o0x7fa7fedaa018;  0 drivers
o0x7fa7fedaa048 .functor BUFZ 32, C4<zzzzzzzzzzzzzzzzzzzzzzzzzzzzzzzz>; HiZ drive
v0x5572927d33e0_0 .net "b", 31 0, o0x7fa7fedaa048;  0 drivers
v0x5572927d34c0_0 .net "c", 31 0, L_0x5572927d6500;  1 drivers
L_0x5572927d6500 .arith/sum 32, o0x7fa7fedaa018, o0x7fa7fedaa048;
S_0x5572927acb50 .scope module, "alu" "alu" 4 2;
 .timescale 0 0;
    .port_info 0 /INPUT 32 "a";
    .port_info 1 /INPUT 32 "b";
    .port_info 2 /INPUT 3 "c";
    .port_info 3 /OUTPUT 32 "y";
    .port_info 4 /OUTPUT 1 "zero";
o0x7fa7fedaa138 .functor BUFZ 32, C4<zzzzzzzzzzzzzzzzzzzzzzzzzzzzzzzz>; HiZ drive
v0x5572927d3620_0 .net "a", 31 0, o0x7fa7fedaa138;  0 drivers
o0x7fa7fedaa168 .functor BUFZ 32, C4<zzzzzzzzzzzzzzzzzzzzzzzzzzzzzzzz>; HiZ drive
v0x5572927d3720_0 .net "b", 31 0, o0x7fa7fedaa168;  0 drivers
o0x7fa7fedaa198 .functor BUFZ 3, C4<zzz>; HiZ drive
v0x5572927d3800_0 .net "c", 2 0, o0x7fa7fedaa198;  0 drivers
v0x5572927d38c0_0 .var "y", 31 0;
L_0x7fa7fed61018 .functor BUFT 1, C4<0>, C4<0>, C4<0>, C4<0>;
v0x5572927d39a0_0 .net "zero", 0 0, L_0x7fa7fed61018;  1 drivers
E_0x557292774680 .event edge, v0x5572927d3800_0;
S_0x5572927b5e90 .scope module, "flip_tester" "flip_tester" 5 1;
 .timescale 0 0;
v0x5572927d4220_0 .var "clk", 0 0;
v0x5572927d42e0_0 .var "d", 7 0;
v0x5572927d43b0_0 .net "q", 7 0, v0x5572927d3ff0_0;  1 drivers
v0x5572927d44b0_0 .var "reset", 0 0;
S_0x5572927d3b50 .scope module, "dut" "flopr" 5 8, 6 2 0, S_0x5572927b5e90;
 .timescale 0 0;
    .port_info 0 /INPUT 1 "clk";
    .port_info 1 /INPUT 1 "reset";
    .port_info 2 /INPUT 8 "d";
    .port_info 3 /OUTPUT 8 "q";
P_0x5572927d3d50 .param/l "WIDTH" 0 6 2, +C4<00000000000000000000000000001000>;
v0x5572927d3e30_0 .net "clk", 0 0, v0x5572927d4220_0;  1 drivers
v0x5572927d3f10_0 .net "d", 7 0, v0x5572927d42e0_0;  1 drivers
v0x5572927d3ff0_0 .var "q", 7 0;
v0x5572927d40b0_0 .net "reset", 0 0, v0x5572927d44b0_0;  1 drivers
E_0x5572927ac090 .event posedge, v0x5572927d40b0_0, v0x5572927d3e30_0;
S_0x5572927b6020 .scope module, "regfile" "regfile" 7 1;
 .timescale 0 0;
    .port_info 0 /INPUT 1 "clk";
    .port_info 1 /INPUT 1 "we3";
    .port_info 2 /INPUT 5 "ra1";
    .port_info 3 /INPUT 5 "ra2";
    .port_info 4 /INPUT 5 "wa3";
    .port_info 5 /INPUT 32 "wd3";
    .port_info 6 /OUTPUT 32 "rd1";
    .port_info 7 /OUTPUT 32 "rd2";
v0x5572927d45a0_0 .net *"_ivl_0", 31 0, L_0x5572927d66d0;  1 drivers
v0x5572927d4660_0 .net *"_ivl_10", 6 0, L_0x5572927e6a80;  1 drivers
L_0x7fa7fed610f0 .functor BUFT 1, C4<00>, C4<0>, C4<0>, C4<0>;
v0x5572927d4740_0 .net *"_ivl_13", 1 0, L_0x7fa7fed610f0;  1 drivers
L_0x7fa7fed61138 .functor BUFT 1, C4<00000000000000000000000000000000>, C4<0>, C4<0>, C4<0>;
v0x5572927d4830_0 .net/2u *"_ivl_14", 31 0, L_0x7fa7fed61138;  1 drivers
v0x5572927d4910_0 .net *"_ivl_18", 31 0, L_0x5572927e6e20;  1 drivers
L_0x7fa7fed61180 .functor BUFT 1, C4<000000000000000000000000000>, C4<0>, C4<0>, C4<0>;
v0x5572927d4a40_0 .net *"_ivl_21", 26 0, L_0x7fa7fed61180;  1 drivers
L_0x7fa7fed611c8 .functor BUFT 1, C4<00000000000000000000000000000000>, C4<0>, C4<0>, C4<0>;
v0x5572927d4b20_0 .net/2u *"_ivl_22", 31 0, L_0x7fa7fed611c8;  1 drivers
v0x5572927d4c00_0 .net *"_ivl_24", 0 0, L_0x5572927e6f50;  1 drivers
v0x5572927d4cc0_0 .net *"_ivl_26", 31 0, L_0x5572927e7090;  1 drivers
v0x5572927d4da0_0 .net *"_ivl_28", 6 0, L_0x5572927e7180;  1 drivers
L_0x7fa7fed61060 .functor BUFT 1, C4<000000000000000000000000000>, C4<0>, C4<0>, C4<0>;
v0x5572927d4e80_0 .net *"_ivl_3", 26 0, L_0x7fa7fed61060;  1 drivers
L_0x7fa7fed61210 .functor BUFT 1, C4<00>, C4<0>, C4<0>, C4<0>;
v0x5572927d4f60_0 .net *"_ivl_31", 1 0, L_0x7fa7fed61210;  1 drivers
L_0x7fa7fed61258 .functor BUFT 1, C4<00000000000000000000000000000000>, C4<0>, C4<0>, C4<0>;
v0x5572927d5040_0 .net/2u *"_ivl_32", 31 0, L_0x7fa7fed61258;  1 drivers
L_0x7fa7fed610a8 .functor BUFT 1, C4<00000000000000000000000000000000>, C4<0>, C4<0>, C4<0>;
v0x5572927d5120_0 .net/2u *"_ivl_4", 31 0, L_0x7fa7fed610a8;  1 drivers
v0x5572927d5200_0 .net *"_ivl_6", 0 0, L_0x5572927e6870;  1 drivers
v0x5572927d52c0_0 .net *"_ivl_8", 31 0, L_0x5572927e69e0;  1 drivers
o0x7fa7fedaa798 .functor BUFZ 1, C4<z>; HiZ drive
v0x5572927d53a0_0 .net "clk", 0 0, o0x7fa7fedaa798;  0 drivers
o0x7fa7fedaa7c8 .functor BUFZ 5, C4<zzzzz>; HiZ drive
v0x5572927d5570_0 .net "ra1", 4 0, o0x7fa7fedaa7c8;  0 drivers
o0x7fa7fedaa7f8 .functor BUFZ 5, C4<zzzzz>; HiZ drive
v0x5572927d5650_0 .net "ra2", 4 0, o0x7fa7fedaa7f8;  0 drivers
v0x5572927d5730_0 .net "rd1", 31 0, L_0x5572927e6c90;  1 drivers
v0x5572927d5810_0 .net "rd2", 31 0, L_0x5572927e7310;  1 drivers
v0x5572927d58f0 .array "rf", 0 31, 31 0;
o0x7fa7fedaa888 .functor BUFZ 5, C4<zzzzz>; HiZ drive
v0x5572927d59b0_0 .net "wa3", 4 0, o0x7fa7fedaa888;  0 drivers
o0x7fa7fedaa8b8 .functor BUFZ 32, C4<zzzzzzzzzzzzzzzzzzzzzzzzzzzzzzzz>; HiZ drive
v0x5572927d5a90_0 .net "wd3", 31 0, o0x7fa7fedaa8b8;  0 drivers
o0x7fa7fedaa8e8 .functor BUFZ 1, C4<z>; HiZ drive
v0x5572927d5b70_0 .net "we3", 0 0, o0x7fa7fedaa8e8;  0 drivers
E_0x5572927ac4c0 .event posedge, v0x5572927d53a0_0;
L_0x5572927d66d0 .concat [ 5 27 0 0], o0x7fa7fedaa7c8, L_0x7fa7fed61060;
L_0x5572927e6870 .cmp/ne 32, L_0x5572927d66d0, L_0x7fa7fed610a8;
L_0x5572927e69e0 .array/port v0x5572927d58f0, L_0x5572927e6a80;
L_0x5572927e6a80 .concat [ 5 2 0 0], o0x7fa7fedaa7c8, L_0x7fa7fed610f0;
L_0x5572927e6c90 .functor MUXZ 32, L_0x7fa7fed61138, L_0x5572927e69e0, L_0x5572927e6870, C4<>;
L_0x5572927e6e20 .concat [ 5 27 0 0], o0x7fa7fedaa7f8, L_0x7fa7fed61180;
L_0x5572927e6f50 .cmp/ne 32, L_0x5572927e6e20, L_0x7fa7fed611c8;
L_0x5572927e7090 .array/port v0x5572927d58f0, L_0x5572927e7180;
L_0x5572927e7180 .concat [ 5 2 0 0], o0x7fa7fedaa7f8, L_0x7fa7fed61210;
L_0x5572927e7310 .functor MUXZ 32, L_0x7fa7fed61258, L_0x5572927e7090, L_0x5572927e6f50, C4<>;
S_0x5572927b4100 .scope module, "signext" "signext" 8 2;
 .timescale 0 0;
    .port_info 0 /INPUT 16 "a";
    .port_info 1 /OUTPUT 32 "y";
v0x5572927d5d30_0 .net *"_ivl_1", 0 0, L_0x5572927e7460;  1 drivers
v0x5572927d5e30_0 .net *"_ivl_2", 15 0, L_0x5572927e7500;  1 drivers
o0x7fa7fedaaaf8 .functor BUFZ 16, C4<zzzzzzzzzzzzzzzz>; HiZ drive
v0x5572927d5f10_0 .net "a", 15 0, o0x7fa7fedaaaf8;  0 drivers
v0x5572927d5fd0_0 .net "y", 31 0, L_0x5572927e79a0;  1 drivers
L_0x5572927e7460 .part o0x7fa7fedaaaf8, 15, 1;
LS_0x5572927e7500_0_0 .concat [ 1 1 1 1], L_0x5572927e7460, L_0x5572927e7460, L_0x5572927e7460, L_0x5572927e7460;
LS_0x5572927e7500_0_4 .concat [ 1 1 1 1], L_0x5572927e7460, L_0x5572927e7460, L_0x5572927e7460, L_0x5572927e7460;
LS_0x5572927e7500_0_8 .concat [ 1 1 1 1], L_0x5572927e7460, L_0x5572927e7460, L_0x5572927e7460, L_0x5572927e7460;
LS_0x5572927e7500_0_12 .concat [ 1 1 1 1], L_0x5572927e7460, L_0x5572927e7460, L_0x5572927e7460, L_0x5572927e7460;
L_0x5572927e7500 .concat [ 4 4 4 4], LS_0x5572927e7500_0_0, LS_0x5572927e7500_0_4, LS_0x5572927e7500_0_8, LS_0x5572927e7500_0_12;
L_0x5572927e79a0 .concat [ 16 16 0 0], o0x7fa7fedaaaf8, L_0x5572927e7500;
S_0x5572927b42e0 .scope module, "sl2" "sl2" 9 2;
 .timescale 0 0;
    .port_info 0 /INPUT 32 "a";
    .port_info 1 /OUTPUT 32 "y";
v0x5572927d6110_0 .net *"_ivl_1", 29 0, L_0x5572927e7a90;  1 drivers
L_0x7fa7fed612a0 .functor BUFT 1, C4<00>, C4<0>, C4<0>, C4<0>;
v0x5572927d61f0_0 .net/2u *"_ivl_2", 1 0, L_0x7fa7fed612a0;  1 drivers
o0x7fa7fedaac18 .functor BUFZ 32, C4<zzzzzzzzzzzzzzzzzzzzzzzzzzzzzzzz>; HiZ drive
v0x5572927d62d0_0 .net "a", 31 0, o0x7fa7fedaac18;  0 drivers
v0x5572927d63c0_0 .net "y", 31 0, L_0x5572927e7b30;  1 drivers
L_0x5572927e7a90 .part o0x7fa7fedaac18, 0, 30;
L_0x5572927e7b30 .concat [ 2 30 0 0], L_0x7fa7fed612a0, L_0x5572927e7a90;
    .scope S_0x5572927acb50;
T_0 ;
    %wait E_0x557292774680;
    %load/vec4 v0x5572927d3800_0;
    %dup/vec4;
    %pushi/vec4 1, 0, 3;
    %cmp/u;
    %jmp/1 T_0.0, 6;
    %dup/vec4;
    %pushi/vec4 2, 0, 3;
    %cmp/u;
    %jmp/1 T_0.1, 6;
    %dup/vec4;
    %pushi/vec4 4, 0, 3;
    %cmp/u;
    %jmp/1 T_0.2, 6;
    %dup/vec4;
    %pushi/vec4 5, 0, 3;
    %cmp/u;
    %jmp/1 T_0.3, 6;
    %dup/vec4;
    %pushi/vec4 6, 0, 3;
    %cmp/u;
    %jmp/1 T_0.4, 6;
    %dup/vec4;
    %pushi/vec4 7, 0, 3;
    %cmp/u;
    %jmp/1 T_0.5, 6;
    %jmp T_0.6;
T_0.0 ;
    %load/vec4 v0x5572927d3620_0;
    %load/vec4 v0x5572927d3720_0;
    %and;
    %cassign/vec4 v0x5572927d38c0_0;
    %jmp T_0.6;
T_0.1 ;
    %load/vec4 v0x5572927d3620_0;
    %load/vec4 v0x5572927d3720_0;
    %add;
    %cassign/vec4 v0x5572927d38c0_0;
    %jmp T_0.6;
T_0.2 ;
    %load/vec4 v0x5572927d3620_0;
    %load/vec4 v0x5572927d3720_0;
    %inv;
    %and;
    %cassign/vec4 v0x5572927d38c0_0;
    %jmp T_0.6;
T_0.3 ;
    %load/vec4 v0x5572927d3620_0;
    %load/vec4 v0x5572927d3720_0;
    %inv;
    %or;
    %cassign/vec4 v0x5572927d38c0_0;
    %jmp T_0.6;
T_0.4 ;
    %load/vec4 v0x5572927d3620_0;
    %load/vec4 v0x5572927d3720_0;
    %sub;
    %cassign/vec4 v0x5572927d38c0_0;
    %jmp T_0.6;
T_0.5 ;
    %load/vec4 v0x5572927d3620_0;
    %parti/s 30, 0, 2;
    %concati/vec4 0, 0, 2;
    %cassign/vec4 v0x5572927d38c0_0;
    %jmp T_0.6;
T_0.6 ;
    %pop/vec4 1;
    %jmp T_0;
    .thread T_0, $push;
    .scope S_0x5572927d3b50;
T_1 ;
    %wait E_0x5572927ac090;
    %load/vec4 v0x5572927d40b0_0;
    %flag_set/vec4 8;
    %jmp/0xz  T_1.0, 8;
    %pushi/vec4 0, 0, 8;
    %assign/vec4 v0x5572927d3ff0_0, 0;
    %jmp T_1.1;
T_1.0 ;
    %load/vec4 v0x5572927d3f10_0;
    %assign/vec4 v0x5572927d3ff0_0, 0;
T_1.1 ;
    %jmp T_1;
    .thread T_1;
    .scope S_0x5572927b5e90;
T_2 ;
    %pushi/vec4 1, 0, 1;
    %assign/vec4 v0x5572927d44b0_0, 0;
    %delay 10, 0;
    %pushi/vec4 0, 0, 1;
    %assign/vec4 v0x5572927d44b0_0, 0;
    %pushi/vec4 255, 0, 8;
    %assign/vec4 v0x5572927d42e0_0, 0;
    %delay 10, 0;
    %pushi/vec4 1, 0, 1;
    %assign/vec4 v0x5572927d44b0_0, 0;
    %delay 10, 0;
    %pushi/vec4 0, 0, 1;
    %assign/vec4 v0x5572927d44b0_0, 0;
    %pushi/vec4 162, 0, 8;
    %assign/vec4 v0x5572927d42e0_0, 0;
    %delay 10, 0;
    %end;
    .thread T_2;
    .scope S_0x5572927b5e90;
T_3 ;
    %pushi/vec4 1, 0, 1;
    %assign/vec4 v0x5572927d4220_0, 0;
    %delay 5, 0;
    %pushi/vec4 0, 0, 1;
    %assign/vec4 v0x5572927d4220_0, 0;
    %delay 5, 0;
    %jmp T_3;
    .thread T_3;
    .scope S_0x5572927b6020;
T_4 ;
    %wait E_0x5572927ac4c0;
    %load/vec4 v0x5572927d5b70_0;
    %flag_set/vec4 8;
    %jmp/0xz  T_4.0, 8;
    %load/vec4 v0x5572927d5a90_0;
    %load/vec4 v0x5572927d59b0_0;
    %pad/u 7;
    %ix/vec4 3;
    %ix/load 4, 0, 0; Constant delay
    %assign/vec4/a/d v0x5572927d58f0, 0, 4;
T_4.0 ;
    %jmp T_4;
    .thread T_4;
# The file index is used to find the file name in the following table.
:file_names 10;
    "N/A";
    "<interactive>";
    "-";
    "adder.sv";
    "alu.sv";
    "r-flip-flop_tb.sv";
    "r-flip-flop.sv";
    "register-file.sv";
    "sign-ext.sv";
    "left-shift.sv";
